BSS = 4b71c
start kern info = 90000
Creating kernel heap: start=102000, size=1048576
527232KB memory detected, 130363 pages in freelist, 1048576 bytes in kernel heap
Initializing IDT...
Init_SMP
Initializing SMP...
found CPU#0 with APIC id #0
found CPU#1 with APIC id #1
found IO APIC ID=0 at fec00000
/Init_SMP
apic counted down to fffffa22
cpu freq = 13499200
Initializing timer...
Initializing keyboard...
Initializing DMA Controller...
Initializing IDE controller...
ide: probe found ATA drive:     ide0: cyl=30, heads=16, sectors=63
ide: found no drive 1
the global lock is not held.
Initializing IDT...
Init done
Registering paging device: /c/pagefile.bin on ide0 with 10240 sectors
Mounted /c filesystem!
Welcome to GeekOS!
Spawning init process (/c/shell.exe)
$ xit   quit
Could not spawn process: No such file or directory
$ exit
DONE!
Init process exited with code 0
